2024-11-06 08:49:06,442 INFO o.a.j.u.JMeterUtils: Setting Locale to en_EN
2024-11-06 08:49:06,457 INFO o.a.j.JMeter: Loading user properties from: C:\apache-jmeter-5.6.3\bin\user.properties
2024-11-06 08:49:06,457 INFO o.a.j.JMeter: Loading system properties from: C:\apache-jmeter-5.6.3\bin\system.properties
2024-11-06 08:49:06,462 INFO o.a.j.JMeter: Copyright (c) 1998-2024 The Apache Software Foundation
2024-11-06 08:49:06,463 INFO o.a.j.JMeter: Version 5.6.3
2024-11-06 08:49:06,463 INFO o.a.j.JMeter: java.version=22.0.1
2024-11-06 08:49:06,463 INFO o.a.j.JMeter: java.vm.name=Java HotSpot(TM) 64-Bit Server VM
2024-11-06 08:49:06,463 INFO o.a.j.JMeter: os.name=Windows 11
2024-11-06 08:49:06,463 INFO o.a.j.JMeter: os.arch=amd64
2024-11-06 08:49:06,463 INFO o.a.j.JMeter: os.version=10.0
2024-11-06 08:49:06,463 INFO o.a.j.JMeter: file.encoding=UTF-8
2024-11-06 08:49:06,463 INFO o.a.j.JMeter: java.awt.headless=true
2024-11-06 08:49:06,463 INFO o.a.j.JMeter: Max memory     =1073741824
2024-11-06 08:49:06,463 INFO o.a.j.JMeter: Available Processors =12
2024-11-06 08:49:06,470 INFO o.a.j.JMeter: Default Locale=English (EN)
2024-11-06 08:49:06,470 INFO o.a.j.JMeter: JMeter  Locale=English (EN)
2024-11-06 08:49:06,470 INFO o.a.j.JMeter: JMeterHome=C:\apache-jmeter-5.6.3
2024-11-06 08:49:06,471 INFO o.a.j.JMeter: user.dir  =C:\LoadTest\kariyer_baykar
2024-11-06 08:49:06,471 INFO o.a.j.JMeter: PWD       =C:\LoadTest\kariyer_baykar
2024-11-06 08:49:06,482 INFO o.a.j.JMeter: IP: 192.168.1.196 Name: oguzhan FullName: oguzhan.hgw.local
2024-11-06 08:49:06,489 INFO o.a.j.JMeter: Setting property 'jmeter.reportgenerator.outputdir' to:'C:\LoadTest\kariyer_baykar\log\html'
2024-11-06 08:49:06,491 INFO o.a.j.s.FileServer: Default base='C:\LoadTest\kariyer_baykar'
2024-11-06 08:49:06,493 INFO o.a.j.s.FileServer: Set new base='C:\LoadTest\kariyer_baykar'
2024-11-06 08:49:06,616 INFO o.a.j.s.SaveService: Testplan (JMX) version: 2.2. Testlog (JTL) version: 2.2
2024-11-06 08:49:06,639 INFO o.a.j.s.SaveService: Using SaveService properties version 5.0
2024-11-06 08:49:06,641 INFO o.a.j.s.SaveService: Using SaveService properties file encoding UTF-8
2024-11-06 08:49:06,643 INFO o.a.j.s.SaveService: Loading file: C:\LoadTest\kariyer_baykar\baykar.jmx
2024-11-06 08:49:06,676 INFO o.a.j.p.h.c.CookieManager: Settings: Delete null: true Check: true Allow variable: true Save: false Prefix: COOKIE_
2024-11-06 08:49:06,691 INFO o.a.j.p.h.s.HTTPSamplerBase: Parser for text/html is org.apache.jmeter.protocol.http.parser.LagartoBasedHtmlParser
2024-11-06 08:49:06,691 INFO o.a.j.p.h.s.HTTPSamplerBase: Parser for application/xhtml+xml is org.apache.jmeter.protocol.http.parser.LagartoBasedHtmlParser
2024-11-06 08:49:06,691 INFO o.a.j.p.h.s.HTTPSamplerBase: Parser for application/xml is org.apache.jmeter.protocol.http.parser.LagartoBasedHtmlParser
2024-11-06 08:49:06,691 INFO o.a.j.p.h.s.HTTPSamplerBase: Parser for text/xml is org.apache.jmeter.protocol.http.parser.LagartoBasedHtmlParser
2024-11-06 08:49:06,691 INFO o.a.j.p.h.s.HTTPSamplerBase: Parser for text/vnd.wap.wml is org.apache.jmeter.protocol.http.parser.RegexpHTMLParser
2024-11-06 08:49:06,691 INFO o.a.j.p.h.s.HTTPSamplerBase: Parser for text/css is org.apache.jmeter.protocol.http.parser.CssParser
2024-11-06 08:49:06,745 INFO o.a.j.JMeter: Creating summariser <summary>
2024-11-06 08:49:06,747 INFO o.a.j.r.d.ReportGenerator: ReportGenerator will use for Parsing the separator: ','
2024-11-06 08:49:06,747 INFO o.a.j.r.d.ReportGenerator: Will generate report at end of test from  results file: C:\LoadTest\kariyer_baykar\log\test_5K_visit.jtl
2024-11-06 08:49:06,747 INFO o.a.j.r.d.ReportGenerator: Reading report generator properties from: C:\apache-jmeter-5.6.3\bin\reportgenerator.properties
2024-11-06 08:49:06,747 INFO o.a.j.r.d.ReportGenerator: Merging with JMeter properties
2024-11-06 08:49:06,750 INFO o.a.j.r.c.ReportGeneratorConfiguration: Property 'jmeter.reportgenerator.temp_dir' not found, using default value 'temp' instead.
2024-11-06 08:49:06,752 INFO o.a.j.r.c.ReportGeneratorConfiguration: Property 'jmeter.reportgenerator.apdex_per_transaction' not found, using default value 'null' instead.
2024-11-06 08:49:06,752 INFO o.a.j.r.c.ReportGeneratorConfiguration: apdex_per_transaction is empty, not APDEX per transaction customization
2024-11-06 08:49:06,752 INFO o.a.j.r.c.ReportGeneratorConfiguration: Property 'jmeter.reportgenerator.sample_filter' not found, using default value 'null' instead.
2024-11-06 08:49:06,752 INFO o.a.j.r.c.ReportGeneratorConfiguration: Property 'jmeter.reportgenerator.report_title' not found, using default value 'null' instead.
2024-11-06 08:49:06,752 INFO o.a.j.r.c.ReportGeneratorConfiguration: Property 'jmeter.reportgenerator.start_date' not found, using default value 'null' instead.
2024-11-06 08:49:06,752 INFO o.a.j.r.c.ReportGeneratorConfiguration: Property 'jmeter.reportgenerator.end_date' not found, using default value 'null' instead.
2024-11-06 08:49:06,752 INFO o.a.j.r.c.ReportGeneratorConfiguration: Property 'jmeter.reportgenerator.date_format' not found, using default value 'null' instead.
2024-11-06 08:49:06,752 INFO o.a.j.r.c.ReportGeneratorConfiguration: Will use date range start date: null, end date: null
2024-11-06 08:49:06,754 INFO o.a.j.r.c.ReportGeneratorConfiguration: Property 'jmeter.reportgenerator.graph.totalTPS.exclude_controllers' not found, using default value 'false' instead.
2024-11-06 08:49:06,754 INFO o.a.j.r.c.ReportGeneratorConfiguration: Property 'jmeter.reportgenerator.graph.activeThreadsOverTime.exclude_controllers' not found, using default value 'false' instead.
2024-11-06 08:49:06,755 INFO o.a.j.r.c.ReportGeneratorConfiguration: Property 'jmeter.reportgenerator.graph.timeVsThreads.exclude_controllers' not found, using default value 'false' instead.
2024-11-06 08:49:06,755 INFO o.a.j.r.c.ReportGeneratorConfiguration: Property 'jmeter.reportgenerator.graph.responseTimeDistribution.exclude_controllers' not found, using default value 'false' instead.
2024-11-06 08:49:06,755 INFO o.a.j.r.c.ReportGeneratorConfiguration: Property 'jmeter.reportgenerator.graph.transactionsPerSecond.exclude_controllers' not found, using default value 'false' instead.
2024-11-06 08:49:06,755 INFO o.a.j.r.c.ReportGeneratorConfiguration: Property 'jmeter.reportgenerator.graph.responseTimePercentiles.exclude_controllers' not found, using default value 'false' instead.
2024-11-06 08:49:06,755 INFO o.a.j.r.c.ReportGeneratorConfiguration: Property 'jmeter.reportgenerator.graph.responseTimePercentilesOverTime.exclude_controllers' not found, using default value 'false' instead.
2024-11-06 08:49:06,755 INFO o.a.j.r.c.ReportGeneratorConfiguration: Property 'jmeter.reportgenerator.graph.responseTimesOverTime.exclude_controllers' not found, using default value 'false' instead.
2024-11-06 08:49:06,755 INFO o.a.j.r.c.ReportGeneratorConfiguration: Property 'jmeter.reportgenerator.graph.connectTimeOverTime.exclude_controllers' not found, using default value 'false' instead.
2024-11-06 08:49:06,755 INFO o.a.j.r.c.ReportGeneratorConfiguration: Property 'jmeter.reportgenerator.graph.latenciesOverTime.exclude_controllers' not found, using default value 'false' instead.
2024-11-06 08:49:06,756 INFO o.a.j.r.c.ReportGeneratorConfiguration: Property 'jmeter.reportgenerator.exporter.json.filters_only_sample_series' not found, using default value 'true' instead.
2024-11-06 08:49:06,756 INFO o.a.j.r.c.ReportGeneratorConfiguration: Property 'jmeter.reportgenerator.exporter.json.series_filter' not found, using default value '' instead.
2024-11-06 08:49:06,756 INFO o.a.j.r.c.ReportGeneratorConfiguration: Property 'jmeter.reportgenerator.exporter.json.show_controllers_only' not found, using default value 'false' instead.
2024-11-06 08:49:06,756 INFO o.a.j.r.c.ReportGeneratorConfiguration: Property 'jmeter.reportgenerator.exporter.html.filters_only_sample_series' not found, using default value 'true' instead.
2024-11-06 08:49:06,756 INFO o.a.j.r.c.ReportGeneratorConfiguration: Property 'jmeter.reportgenerator.exporter.html.series_filter' not found, using default value '' instead.
2024-11-06 08:49:06,756 INFO o.a.j.r.c.ReportGeneratorConfiguration: Property 'jmeter.reportgenerator.exporter.html.show_controllers_only' not found, using default value 'false' instead.
2024-11-06 08:49:06,765 INFO o.a.j.e.StandardJMeterEngine: Running the test!
2024-11-06 08:49:06,765 INFO o.a.j.s.SampleEvent: List of sample_variables: []
2024-11-06 08:49:06,765 INFO o.a.j.s.SampleEvent: List of sample_variables: []
2024-11-06 08:49:06,768 INFO o.a.j.e.u.CompoundVariable: Note: Function class names must contain the string: '.functions.'
2024-11-06 08:49:06,768 INFO o.a.j.e.u.CompoundVariable: Note: Function class names must not contain the string: '.gui.'
2024-11-06 08:49:06,842 INFO o.a.j.JMeter: Running test (1730872146842)
2024-11-06 08:49:06,854 INFO o.a.j.e.StandardJMeterEngine: Starting ThreadGroup: 1 : PositionSearch
2024-11-06 08:49:06,854 INFO o.a.j.e.StandardJMeterEngine: Starting 1 threads for group PositionSearch.
2024-11-06 08:49:06,854 INFO o.a.j.e.StandardJMeterEngine: Thread will continue on error
2024-11-06 08:49:06,854 INFO o.a.j.t.ThreadGroup: Starting thread group... number=1 threads=1 ramp-up=1 delayedStart=false
2024-11-06 08:49:06,860 INFO o.a.j.t.ThreadGroup: Started thread group number 1
2024-11-06 08:49:06,860 INFO o.a.j.e.StandardJMeterEngine: All thread groups have been started
2024-11-06 08:49:06,862 INFO o.a.j.t.JMeterThread: Thread started: PositionSearch 1-1
2024-11-06 08:49:14,280 INFO o.a.j.p.h.s.HTTPHCAbstractImpl: Local host = oguzhan
2024-11-06 08:49:14,282 INFO o.a.j.p.h.s.HTTPHC4Impl: HTTP request retry count = 0
2024-11-06 08:49:14,283 INFO o.a.j.s.SampleResult: Note: Sample TimeStamps are START times
2024-11-06 08:49:14,283 INFO o.a.j.s.SampleResult: sampleresult.default.encoding is set to UTF-8
2024-11-06 08:49:14,284 INFO o.a.j.s.SampleResult: sampleresult.useNanoTime=true
2024-11-06 08:49:14,284 INFO o.a.j.s.SampleResult: sampleresult.nanoThreadSleep=5000
2024-11-06 08:49:14,371 INFO o.a.j.p.h.s.h.LazyLayeredConnectionSocketFactory: Setting up HTTPS TrustAll Socket Factory
2024-11-06 08:49:14,377 INFO o.a.j.u.JsseSSLManager: Using default SSL protocol: TLS
2024-11-06 08:49:14,377 INFO o.a.j.u.JsseSSLManager: SSL session context: per-thread
2024-11-06 08:49:14,482 INFO o.a.j.u.SSLManager: JmeterKeyStore Location:  type JKS
2024-11-06 08:49:14,483 INFO o.a.j.u.SSLManager: KeyStore created OK
2024-11-06 08:49:14,483 WARN o.a.j.u.SSLManager: Keystore file not found, loading empty keystore
2024-11-06 08:49:22,729 INFO o.a.j.t.JMeterThread: Thread is done: PositionSearch 1-1
2024-11-06 08:49:22,730 INFO o.a.j.t.JMeterThread: Thread finished: PositionSearch 1-1
2024-11-06 08:49:22,734 INFO o.a.j.e.StandardJMeterEngine: Notifying test listeners of end of test
2024-11-06 08:49:22,734 INFO o.a.j.r.Summariser: summary =      3 in 00:00:16 =    0.2/s Avg:   424 Min:    10 Max:  1142 Err:     0 (0.00%)
2024-11-06 08:49:22,735 INFO o.a.j.JMeter: Generating Dashboard
2024-11-06 08:49:22,735 INFO o.a.j.r.d.ReportGenerator: Flushing result collector before report Generation
2024-11-06 08:49:22,748 INFO o.a.j.r.p.NormalizerSampleConsumer: Using format, 'ms', to parse timeStamp field
2024-11-06 08:49:22,782 INFO o.a.j.r.p.AbstractSampleConsumer: class org.apache.jmeter.report.processor.AggregateConsumer#stopProducing(): beginDate produced 0 samples
2024-11-06 08:49:22,782 INFO o.a.j.r.p.AbstractSampleConsumer: class org.apache.jmeter.report.processor.AggregateConsumer#stopProducing(): endDate produced 0 samples
2024-11-06 08:49:22,783 INFO o.a.j.r.p.AbstractSampleConsumer: class org.apache.jmeter.report.processor.ApdexSummaryConsumer#stopProducing(): apdexSummary produced 0 samples
2024-11-06 08:49:22,783 INFO o.a.j.r.p.AbstractSampleConsumer: class org.apache.jmeter.report.processor.RequestsSummaryConsumer#stopProducing(): requestsSummary produced 0 samples
2024-11-06 08:49:22,787 INFO o.a.j.r.p.AbstractSampleConsumer: class org.apache.jmeter.report.processor.StatisticsSummaryConsumer#stopProducing(): statisticsSummary produced 0 samples
2024-11-06 08:49:22,788 INFO o.a.j.r.p.AbstractSampleConsumer: class org.apache.jmeter.report.processor.Top5ErrorsBySamplerConsumer#stopProducing(): top5ErrorsBySampler produced 0 samples
2024-11-06 08:49:22,788 INFO o.a.j.r.p.AbstractSampleConsumer: class org.apache.jmeter.report.processor.ErrorsSummaryConsumer#stopProducing(): errorsSummary produced 0 samples
2024-11-06 08:49:22,788 INFO o.a.j.r.p.AbstractSampleConsumer: class org.apache.jmeter.report.processor.graph.impl.HitsPerSecondGraphConsumer#stopProducing(): hitsPerSecond produced 0 samples
2024-11-06 08:49:22,803 INFO o.a.j.r.p.AbstractSampleConsumer: class org.apache.jmeter.report.processor.graph.impl.LatencyVSRequestGraphConsumer#stopProducing(): latencyVsRequest produced 0 samples
2024-11-06 08:49:22,803 INFO o.a.j.r.p.AbstractSampleConsumer: class org.apache.jmeter.report.processor.graph.impl.SyntheticResponseTimeDistributionGraphConsumer#stopProducing(): syntheticResponseTimeDistribution produced 0 samples
2024-11-06 08:49:22,803 INFO o.a.j.r.p.AbstractSampleConsumer: class org.apache.jmeter.report.processor.graph.impl.BytesThroughputGraphConsumer#stopProducing(): bytesThroughputOverTime produced 0 samples
2024-11-06 08:49:22,803 INFO o.a.j.r.p.AbstractSampleConsumer: class org.apache.jmeter.report.processor.graph.impl.CodesPerSecondGraphConsumer#stopProducing(): codesPerSecond produced 0 samples
2024-11-06 08:49:22,806 INFO o.a.j.r.p.AbstractSampleConsumer: class org.apache.jmeter.report.processor.graph.impl.ResponseTimeVSRequestGraphConsumer#stopProducing(): responseTimeVsRequest produced 0 samples
2024-11-06 08:49:22,806 INFO o.a.j.r.p.AbstractSampleConsumer: class org.apache.jmeter.report.processor.FilterConsumer#stopProducing(): startIntervalControlerFilter produced 35 samples
2024-11-06 08:49:22,806 INFO o.a.j.r.p.AbstractSampleConsumer: class org.apache.jmeter.report.processor.graph.impl.TotalTPSGraphConsumer#stopProducing(): totalTPS produced 0 samples
2024-11-06 08:49:22,806 INFO o.a.j.r.p.AbstractSampleConsumer: class org.apache.jmeter.report.processor.graph.impl.ActiveThreadsGraphConsumer#stopProducing(): activeThreadsOverTime produced 0 samples
2024-11-06 08:49:22,807 INFO o.a.j.r.p.AbstractSampleConsumer: class org.apache.jmeter.report.processor.graph.impl.TimeVSThreadGraphConsumer#stopProducing(): timeVsThreads produced 0 samples
2024-11-06 08:49:22,807 INFO o.a.j.r.p.AbstractSampleConsumer: class org.apache.jmeter.report.processor.graph.impl.ResponseTimeDistributionGraphConsumer#stopProducing(): responseTimeDistribution produced 0 samples
2024-11-06 08:49:22,807 INFO o.a.j.r.p.AbstractSampleConsumer: class org.apache.jmeter.report.processor.graph.impl.TransactionsPerSecondGraphConsumer#stopProducing(): transactionsPerSecond produced 0 samples
2024-11-06 08:49:22,807 INFO o.a.j.r.p.AbstractSampleConsumer: class org.apache.jmeter.report.processor.graph.impl.ResponseTimePercentilesGraphConsumer#stopProducing(): responseTimePercentiles produced 0 samples
2024-11-06 08:49:22,808 INFO o.a.j.r.p.AbstractSampleConsumer: class org.apache.jmeter.report.processor.graph.impl.ResponseTimePercentilesOverTimeGraphConsumer#stopProducing(): responseTimePercentilesOverTime produced 0 samples
2024-11-06 08:49:22,808 INFO o.a.j.r.p.AbstractSampleConsumer: class org.apache.jmeter.report.processor.graph.impl.ResponseTimeOverTimeGraphConsumer#stopProducing(): responseTimesOverTime produced 0 samples
2024-11-06 08:49:22,808 INFO o.a.j.r.p.AbstractSampleConsumer: class org.apache.jmeter.report.processor.graph.impl.ConnectTimeOverTimeGraphConsumer#stopProducing(): connectTimeOverTime produced 0 samples
2024-11-06 08:49:22,808 INFO o.a.j.r.p.AbstractSampleConsumer: class org.apache.jmeter.report.processor.graph.impl.LatencyOverTimeGraphConsumer#stopProducing(): latenciesOverTime produced 0 samples
2024-11-06 08:49:22,808 INFO o.a.j.r.p.AbstractSampleConsumer: class org.apache.jmeter.report.processor.FilterConsumer#stopProducing(): nameFilter produced 75 samples
2024-11-06 08:49:22,808 INFO o.a.j.r.p.AbstractSampleConsumer: class org.apache.jmeter.report.processor.FilterConsumer#stopProducing(): dateRangeFilter produced 15 samples
2024-11-06 08:49:22,808 INFO o.a.j.r.p.AbstractSampleConsumer: class org.apache.jmeter.report.processor.NormalizerSampleConsumer#stopProducing(): normalizer produced 5 samples
2024-11-06 08:49:22,809 INFO o.a.j.r.p.CsvFileSampleSource: produce(): 5 samples produced in 42ms on channel 0
2024-11-06 08:49:22,809 INFO o.a.j.r.d.ReportGenerator: Exporting data using exporter:'json' of className:'org.apache.jmeter.report.dashboard.JsonExporter'
2024-11-06 08:49:22,865 INFO o.a.j.r.d.JsonExporter: Found data for consumer statisticsSummary in context
2024-11-06 08:49:22,865 INFO o.a.j.r.d.JsonExporter: Creating statistics for overall
2024-11-06 08:49:22,865 INFO o.a.j.r.d.JsonExporter: Creating statistics for other transactions
2024-11-06 08:49:22,866 INFO o.a.j.r.d.JsonExporter: Checking output folder
2024-11-06 08:49:22,866 INFO o.a.j.r.d.JsonExporter: Writing statistics JSON to C:\LoadTest\kariyer_baykar\log\html\statistics.json
2024-11-06 08:49:22,890 INFO o.a.j.r.d.ReportGenerator: Exporting data using exporter:'html' of className:'org.apache.jmeter.report.dashboard.HtmlTemplateExporter'
2024-11-06 08:49:22,892 INFO o.a.j.r.d.HtmlTemplateExporter: Will generate dashboard in folder: C:\LoadTest\kariyer_baykar\log\html
2024-11-06 08:49:22,978 INFO o.a.j.r.d.HtmlTemplateExporter: Report will be generated in: C:\LoadTest\kariyer_baykar\log\html, creating folder structure
2024-11-06 08:49:22,980 INFO o.a.j.r.d.TemplateVisitor: Copying folder from 'C:\apache-jmeter-5.6.3\bin\report-template' to 'C:\LoadTest\kariyer_baykar\log\html', got message: C:\LoadTest\kariyer_baykar\log\html, found non empty folder with following content [C:\LoadTest\kariyer_baykar\log\html\statistics.json], will be ignored
2024-11-06 08:49:23,204 INFO o.a.j.JMeter: Dashboard generated
